<?xml version="1.0" encoding="UTF-8"?>
<!-- Generated by org.testng.reporters.JUnitXMLReporter -->
<testsuite hostname="Mukuls-MacBook-Air.local" ignored="0" name="Test1" tests="3" failures="0" timestamp="02 Aug 2020 04:30:14 GMT" time="16.412" errors="0">
  <testcase name="dockertest1" time="3.148" classname="docker.DockerTests"/>
  <testcase name="dockertest2" time="2.114" classname="docker.DockerTests"/>
  <testcase name="dockertest3" time="3.847" classname="docker.DockerTests"/>
</testsuite> <!-- Test1 -->
