<?xml version="1.0" encoding="UTF-8"?>
<!-- Generated by org.testng.reporters.JUnitXMLReporter -->
<testsuite hostname="docker-desktop" ignored="0" name="Test1" tests="3" failures="0" timestamp="16 May 2020 07:14:26 GMT" time="17.43" errors="0">
  <testcase name="dockertest1" time="0.007" classname="docker.DockerTests"/>
  <testcase name="dockertest2" time="0.003" classname="docker.DockerTests"/>
  <testcase name="dockertest3" time="0.001" classname="docker.DockerTests"/>
</testsuite> <!-- Test1 -->
