<?xml version="1.0" encoding="UTF-8"?>
<testng-results skipped="0" failed="0" ignored="0" total="3" passed="3">
  <reporter-output>
  </reporter-output>
  <suite name="Suite" duration-ms="17430" started-at="2020-05-16T07:14:09Z" finished-at="2020-05-16T07:14:26Z">
    <groups>
    </groups>
    <test name="Test1" duration-ms="17430" started-at="2020-05-16T07:14:09Z" finished-at="2020-05-16T07:14:26Z">
      <class name="docker.DockerTests">
        <test-method status="PASS" signature="beforeMethod(java.lang.String)[pri:0, instance:docker.DockerTests@2d209079]" name="beforeMethod" is-config="true" duration-ms="11050" started-at="2020-05-16T07:14:09Z" finished-at="2020-05-16T07:14:20Z">
          <params>
            <param index="0">
              <value>
                <![CDATA[chrome]]>
              </value>
            </param>
          </params>
          <reporter-output>
          </reporter-output>
        </test-method> <!-- beforeMethod -->
        <test-method status="PASS" signature="dockertest1()[pri:0, instance:docker.DockerTests@2d209079]" name="dockertest1" duration-ms="7" started-at="2020-05-16T07:14:20Z" finished-at="2020-05-16T07:14:20Z">
          <reporter-output>
          </reporter-output>
        </test-method> <!-- dockertest1 -->
        <test-method status="PASS" signature="afterMethod()[pri:0, instance:docker.DockerTests@2d209079]" name="afterMethod" is-config="true" duration-ms="294" started-at="2020-05-16T07:14:20Z" finished-at="2020-05-16T07:14:20Z">
          <reporter-output>
          </reporter-output>
        </test-method> <!-- afterMethod -->
        <test-method status="PASS" signature="beforeMethod(java.lang.String)[pri:0, instance:docker.DockerTests@2d209079]" name="beforeMethod" is-config="true" duration-ms="3027" started-at="2020-05-16T07:14:20Z" finished-at="2020-05-16T07:14:23Z">
          <params>
            <param index="0">
              <value>
                <![CDATA[chrome]]>
              </value>
            </param>
          </params>
          <reporter-output>
          </reporter-output>
        </test-method> <!-- beforeMethod -->
        <test-method status="PASS" signature="dockertest2()[pri:0, instance:docker.DockerTests@2d209079]" name="dockertest2" duration-ms="3" started-at="2020-05-16T07:14:23Z" finished-at="2020-05-16T07:14:23Z">
          <reporter-output>
          </reporter-output>
        </test-method> <!-- dockertest2 -->
        <test-method status="PASS" signature="afterMethod()[pri:0, instance:docker.DockerTests@2d209079]" name="afterMethod" is-config="true" duration-ms="170" started-at="2020-05-16T07:14:23Z" finished-at="2020-05-16T07:14:23Z">
          <reporter-output>
          </reporter-output>
        </test-method> <!-- afterMethod -->
        <test-method status="PASS" signature="beforeMethod(java.lang.String)[pri:0, instance:docker.DockerTests@2d209079]" name="beforeMethod" is-config="true" duration-ms="2572" started-at="2020-05-16T07:14:23Z" finished-at="2020-05-16T07:14:26Z">
          <params>
            <param index="0">
              <value>
                <![CDATA[chrome]]>
              </value>
            </param>
          </params>
          <reporter-output>
          </reporter-output>
        </test-method> <!-- beforeMethod -->
        <test-method status="PASS" signature="dockertest3()[pri:0, instance:docker.DockerTests@2d209079]" name="dockertest3" duration-ms="1" started-at="2020-05-16T07:14:26Z" finished-at="2020-05-16T07:14:26Z">
          <reporter-output>
          </reporter-output>
        </test-method> <!-- dockertest3 -->
        <test-method status="PASS" signature="afterMethod()[pri:0, instance:docker.DockerTests@2d209079]" name="afterMethod" is-config="true" duration-ms="176" started-at="2020-05-16T07:14:26Z" finished-at="2020-05-16T07:14:26Z">
          <reporter-output>
          </reporter-output>
        </test-method> <!-- afterMethod -->
      </class> <!-- docker.DockerTests -->
    </test> <!-- Test1 -->
  </suite> <!-- Suite -->
</testng-results>
